<?xml version="1.0" encoding="UTF-8"?>
<!-- Generated by org.testng.reporters.JUnitReportReporter -->
<testsuite hostname="ATMECSINDT-083" failures="0" tests="4" name="TestngGroupingTask.GroupingTestngTask" time="0.055" errors="0" timestamp="21 Aug 2019 13:19:37 GMT" skipped="0">
  <testcase classname="TestngGroupingTask.GroupingTestngTask" name="TestTwo" time="0.035"/>
  <testcase classname="TestngGroupingTask.GroupingTestngTask" name="TestOne" time="0.005"/>
  <testcase classname="TestngGroupingTask.GroupingTestngTask" name="TestFour" time="0.007"/>
  <testcase classname="TestngGroupingTask.GroupingTestngTask" name="TestThree" time="0.008"/>
</testsuite> <!-- TestngGroupingTask.GroupingTestngTask -->
